<?xml version="1.0" encoding="UTF-8"?>
<!-- Generated by org.testng.reporters.JUnitXMLReporter -->
<testsuite ignored="0" hostname="DESKTOP-LC4NJQA" failures="1" tests="2" name="Test" time="20.301" errors="0" timestamp="2025-01-12T17:19:23 IST">
  <testcase classname="testCases.TC001_AccountRegistrationTest" name="verify_accountregistration" time="2.036"/>
  <testcase classname="testCases.TC002_LoginTest" name="verify_login" time="11.489">
    <failure type="java.lang.AssertionError" message="Login failed expected [true] but found [false]">
      <![CDATA[java.lang.AssertionError: Login failed expected [true] but found [false]
at testCases.TC002_LoginTest.verify_login(TC002_LoginTest.java:42)
at java.base/java.util.ArrayList.forEach(ArrayList.java:1511)
... Removed 31 stack frames]]>
    </failure>
  </testcase> <!-- verify_login -->
</testsuite> <!-- Test -->
