<?xml version="1.0" encoding="UTF-8"?>
<testng-results ignored="0" total="2" passed="2" failed="0" skipped="0">
  <reporter-output>
  </reporter-output>
  <suite started-at="2025-03-12T14:28:53 IST" name="Suite" finished-at="2025-03-12T14:29:03 IST" duration-ms="10341">
    <groups>
      <group name="Master">
        <method signature="TC001_AccountRegistrationTest.verify_accountregistration()[pri:0, instance:testCases.TC001_AccountRegistrationTest@18e7143f]" name="verify_accountregistration" class="testCases.TC001_AccountRegistrationTest"/>
        <method signature="TC002_LoginTest.verify_login()[pri:0, instance:testCases.TC002_LoginTest@6fefce9e]" name="verify_login" class="testCases.TC002_LoginTest"/>
      </group> <!-- Master -->
      <group name="Sanity">
        <method signature="TC002_LoginTest.verify_login()[pri:0, instance:testCases.TC002_LoginTest@6fefce9e]" name="verify_login" class="testCases.TC002_LoginTest"/>
      </group> <!-- Sanity -->
      <group name="Regression">
        <method signature="TC001_AccountRegistrationTest.verify_accountregistration()[pri:0, instance:testCases.TC001_AccountRegistrationTest@18e7143f]" name="verify_accountregistration" class="testCases.TC001_AccountRegistrationTest"/>
      </group> <!-- Regression -->
    </groups>
    <test started-at="2025-03-12T14:28:53 IST" name="Test" finished-at="2025-03-12T14:29:03 IST" duration-ms="10341">
      <class name="testCases.TC002_LoginTest">
        <test-method is-config="true" signature="setup(java.lang.String,java.lang.String)[pri:0, instance:testCases.TC002_LoginTest@6fefce9e]" started-at="2025-03-12T14:28:59 IST" name="setup" finished-at="2025-03-12T14:29:02 IST" duration-ms="2935" status="PASS">
          <params>
            <param index="0">
              <value>
                <![CDATA[Windows]]>
              </value>
            </param>
            <param index="1">
              <value>
                <![CDATA[chrome]]>
              </value>
            </param>
          </params>
          <reporter-output>
          </reporter-output>
        </test-method> <!-- setup -->
        <test-method signature="verify_login()[pri:0, instance:testCases.TC002_LoginTest@6fefce9e]" started-at="2025-03-12T14:29:02 IST" name="verify_login" finished-at="2025-03-12T14:29:03 IST" duration-ms="1377" status="PASS">
          <reporter-output>
          </reporter-output>
        </test-method> <!-- verify_login -->
        <test-method is-config="true" signature="teardown()[pri:0, instance:testCases.TC002_LoginTest@6fefce9e]" started-at="2025-03-12T14:29:03 IST" name="teardown" finished-at="2025-03-12T14:29:03 IST" duration-ms="195" status="PASS">
          <reporter-output>
          </reporter-output>
        </test-method> <!-- teardown -->
      </class> <!-- testCases.TC002_LoginTest -->
      <class name="testCases.TC001_AccountRegistrationTest">
        <test-method is-config="true" signature="setup(java.lang.String,java.lang.String)[pri:0, instance:testCases.TC001_AccountRegistrationTest@18e7143f]" started-at="2025-03-12T14:28:53 IST" name="setup" finished-at="2025-03-12T14:28:56 IST" duration-ms="3082" status="PASS">
          <params>
            <param index="0">
              <value>
                <![CDATA[Windows]]>
              </value>
            </param>
            <param index="1">
              <value>
                <![CDATA[chrome]]>
              </value>
            </param>
          </params>
          <reporter-output>
          </reporter-output>
        </test-method> <!-- setup -->
        <test-method signature="verify_accountregistration()[pri:0, instance:testCases.TC001_AccountRegistrationTest@18e7143f]" started-at="2025-03-12T14:28:56 IST" name="verify_accountregistration" finished-at="2025-03-12T14:28:59 IST" duration-ms="2460" status="PASS">
          <reporter-output>
          </reporter-output>
        </test-method> <!-- verify_accountregistration -->
        <test-method is-config="true" signature="teardown()[pri:0, instance:testCases.TC001_AccountRegistrationTest@18e7143f]" started-at="2025-03-12T14:28:59 IST" name="teardown" finished-at="2025-03-12T14:28:59 IST" duration-ms="227" status="PASS">
          <reporter-output>
          </reporter-output>
        </test-method> <!-- teardown -->
      </class> <!-- testCases.TC001_AccountRegistrationTest -->
    </test> <!-- Test -->
  </suite> <!-- Suite -->
</testng-results>
