<?xml version="1.0" encoding="UTF-8"?>
<testng-results ignored="0" total="2" passed="2" failed="0" skipped="0">
  <reporter-output>
  </reporter-output>
  <suite started-at="2026-05-26T21:27:38 IST" name="Suite" finished-at="2026-05-26T21:28:04 IST" duration-ms="26040">
    <groups>
      <group name="Master">
        <method signature="TC001_AccountRegistrationTest.verify_accountregistration()[pri:0, instance:testCases.TC001_AccountRegistrationTest@6e9a5ed8]" name="verify_accountregistration" class="testCases.TC001_AccountRegistrationTest"/>
        <method signature="TC002_LoginTest.verify_login()[pri:0, instance:testCases.TC002_LoginTest@231f98ef]" name="verify_login" class="testCases.TC002_LoginTest"/>
      </group> <!-- Master -->
      <group name="Sanity">
        <method signature="TC002_LoginTest.verify_login()[pri:0, instance:testCases.TC002_LoginTest@231f98ef]" name="verify_login" class="testCases.TC002_LoginTest"/>
      </group> <!-- Sanity -->
      <group name="Regression">
        <method signature="TC001_AccountRegistrationTest.verify_accountregistration()[pri:0, instance:testCases.TC001_AccountRegistrationTest@6e9a5ed8]" name="verify_accountregistration" class="testCases.TC001_AccountRegistrationTest"/>
      </group> <!-- Regression -->
    </groups>
    <test started-at="2026-05-26T21:27:38 IST" name="Test" finished-at="2026-05-26T21:28:04 IST" duration-ms="26040">
      <class name="testCases.TC002_LoginTest">
        <test-method is-config="true" signature="setup(java.lang.String,java.lang.String)[pri:0, instance:testCases.TC002_LoginTest@231f98ef]" started-at="2026-05-26T21:27:54 IST" name="setup" finished-at="2026-05-26T21:28:01 IST" duration-ms="7629" status="PASS">
          <params>
            <param index="0">
              <value>
                <![CDATA[Windows]]>
              </value>
            </param>
            <param index="1">
              <value>
                <![CDATA[chrome]]>
              </value>
            </param>
          </params>
          <reporter-output>
          </reporter-output>
        </test-method> <!-- setup -->
        <test-method signature="verify_login()[pri:0, instance:testCases.TC002_LoginTest@231f98ef]" started-at="2026-05-26T21:28:01 IST" name="verify_login" finished-at="2026-05-26T21:28:03 IST" duration-ms="2185" status="PASS">
          <reporter-output>
          </reporter-output>
        </test-method> <!-- verify_login -->
        <test-method is-config="true" signature="teardown()[pri:0, instance:testCases.TC002_LoginTest@231f98ef]" started-at="2026-05-26T21:28:03 IST" name="teardown" finished-at="2026-05-26T21:28:04 IST" duration-ms="467" status="PASS">
          <reporter-output>
          </reporter-output>
        </test-method> <!-- teardown -->
      </class> <!-- testCases.TC002_LoginTest -->
      <class name="testCases.TC001_AccountRegistrationTest">
        <test-method is-config="true" signature="setup(java.lang.String,java.lang.String)[pri:0, instance:testCases.TC001_AccountRegistrationTest@6e9a5ed8]" started-at="2026-05-26T21:27:39 IST" name="setup" finished-at="2026-05-26T21:27:50 IST" duration-ms="11033" status="PASS">
          <params>
            <param index="0">
              <value>
                <![CDATA[Windows]]>
              </value>
            </param>
            <param index="1">
              <value>
                <![CDATA[chrome]]>
              </value>
            </param>
          </params>
          <reporter-output>
          </reporter-output>
        </test-method> <!-- setup -->
        <test-method signature="verify_accountregistration()[pri:0, instance:testCases.TC001_AccountRegistrationTest@6e9a5ed8]" started-at="2026-05-26T21:27:50 IST" name="verify_accountregistration" finished-at="2026-05-26T21:27:53 IST" duration-ms="3347" status="PASS">
          <reporter-output>
          </reporter-output>
        </test-method> <!-- verify_accountregistration -->
        <test-method is-config="true" signature="teardown()[pri:0, instance:testCases.TC001_AccountRegistrationTest@6e9a5ed8]" started-at="2026-05-26T21:27:53 IST" name="teardown" finished-at="2026-05-26T21:27:54 IST" duration-ms="497" status="PASS">
          <reporter-output>
          </reporter-output>
        </test-method> <!-- teardown -->
      </class> <!-- testCases.TC001_AccountRegistrationTest -->
    </test> <!-- Test -->
  </suite> <!-- Suite -->
</testng-results>
